<?xml version="1.0" encoding="UTF-8"?>
<testsuite name="com.university.nginxloganalyzer.LogAnalysisService" tests="4" skipped="0" failures="0" errors="0" timestamp="2025-11-26T21:00:37" hostname="DARYABOKAYA" time="0.03">
  <properties/>
  <testcase name="userAgentNoMatch()" classname="com.university.nginxloganalyzer.LogAnalysisService" time="0.024"/>
  <testcase name="statusCodes()" classname="com.university.nginxloganalyzer.LogAnalysisService" time="0.002"/>
  <testcase name="topIps()" classname="com.university.nginxloganalyzer.LogAnalysisService" time="0.001"/>
  <testcase name="userAgentHits()" classname="com.university.nginxloganalyzer.LogAnalysisService" time="0.001"/>
  <system-out><![CDATA[]]></system-out>
  <system-err><![CDATA[]]></system-err>
</testsuite>
